  File "post_sim_analytics_2.py", line 39
    return dists
    ^
IndentationError: unexpected indent
  File "post_sim_analytics_2.py", line 39
    return dists
    ^
IndentationError: unexpected indent
  File "post_sim_analytics_2.py", line 39
    return dists
    ^
IndentationError: unexpected indent
  File "post_sim_analytics_2.py", line 39
    return dists
    ^
IndentationError: unexpected indent
  File "post_sim_analytics_2.py", line 39
    return dists
    ^
IndentationError: unexpected indent
  File "post_sim_analytics_2.py", line 39
    return dists
    ^
IndentationError: unexpected indent
  File "post_sim_analytics_2.py", line 38
    is_cached = True
    ^
IndentationError: unexpected indent
  File "post_sim_analytics_2.py", line 38
    is_cached = True
    ^
IndentationError: unexpected indent
  File "post_sim_analytics_2.py", line 38
    is_cached = True
    ^
IndentationError: unexpected indent
  File "post_sim_analytics_2.py", line 38
    is_cached = True
    ^
IndentationError: unexpected indent
  File "post_sim_analytics_2.py", line 38
    is_cached = True
    ^
IndentationError: unexpected indent
